2023-12-12 07:36:47 Loading main app package /usr/lib/obsidian/obsidian.asar
2023-12-12 07:36:47 Checking for update using Github
2023-12-12 07:36:47 Success.
2023-12-12 07:36:47 Latest version is 1.4.16
2023-12-12 07:36:47 App is up to date.
2023-12-12 18:21:49 Loading main app package /usr/lib/obsidian/obsidian.asar
2023-12-12 18:21:49 Checking for update using Github
2023-12-12 18:21:49 Success.
2023-12-12 18:21:49 Latest version is 1.4.16
2023-12-12 18:21:49 App is up to date.
2023-12-12 19:21:49 Checking for update using Github
2023-12-12 19:21:49 Success.
2023-12-12 19:21:49 Latest version is 1.4.16
2023-12-12 19:21:49 App is up to date.
2023-12-12 20:21:49 Checking for update using Github
2023-12-12 20:21:49 Success.
2023-12-12 20:21:49 Latest version is 1.4.16
2023-12-12 20:21:49 App is up to date.
2023-12-12 21:21:49 Checking for update using Github
2023-12-12 21:21:49 Success.
2023-12-12 21:21:49 Latest version is 1.4.16
2023-12-12 21:21:49 App is up to date.
2023-12-12 22:21:49 Checking for update using Github
2023-12-12 22:21:54 Success.
2023-12-12 22:21:54 Latest version is 1.4.16
2023-12-12 22:21:54 App is up to date.
2023-12-12 23:21:49 Checking for update using Github
2023-12-12 23:21:49 Success.
2023-12-12 23:21:49 Latest version is 1.4.16
2023-12-12 23:21:49 App is up to date.
2023-12-13 00:21:49 Checking for update using Github
2023-12-13 00:21:50 Success.
2023-12-13 00:21:50 Latest version is 1.4.16
2023-12-13 00:21:50 App is up to date.
2023-12-13 01:21:49 Checking for update using Github
2023-12-13 01:21:49 Success.
2023-12-13 01:21:49 Latest version is 1.4.16
2023-12-13 01:21:49 App is up to date.
2023-12-13 02:21:49 Checking for update using Github
2023-12-13 02:21:49 Success.
2023-12-13 02:21:49 Latest version is 1.4.16
2023-12-13 02:21:49 App is up to date.
2023-12-13 03:21:49 Checking for update using Github
2023-12-13 03:21:50 Success.
2023-12-13 03:21:50 Latest version is 1.4.16
2023-12-13 03:21:50 App is up to date.
2023-12-13 04:21:50 Checking for update using Github
2023-12-13 04:21:50 Success.
2023-12-13 04:21:50 Latest version is 1.4.16
2023-12-13 04:21:50 App is up to date.
2023-12-13 05:21:50 Checking for update using Github
2023-12-13 05:21:50 Success.
2023-12-13 05:21:50 Latest version is 1.4.16
2023-12-13 05:21:50 App is up to date.
2023-12-13 06:21:50 Checking for update using Github
2023-12-13 06:21:50 Success.
2023-12-13 06:21:50 Latest version is 1.4.16
2023-12-13 06:21:50 App is up to date.
2023-12-13 18:30:33 Loading main app package /usr/lib/obsidian/obsidian.asar
2023-12-13 18:30:33 Checking for update using Github
2023-12-13 18:30:34 Success.
2023-12-13 18:30:34 Latest version is 1.4.16
2023-12-13 18:30:34 App is up to date.
2023-12-13 18:53:07 Loading main app package /usr/lib/obsidian/obsidian.asar
2023-12-13 18:53:07 Checking for update using Github
2023-12-13 18:53:07 Success.
2023-12-13 18:53:07 Latest version is 1.4.16
2023-12-13 18:53:07 App is up to date.
2023-12-13 19:53:07 Checking for update using Github
2023-12-13 19:53:07 Success.
2023-12-13 19:53:07 Latest version is 1.4.16
2023-12-13 19:53:07 App is up to date.
2023-12-13 20:53:07 Checking for update using Github
2023-12-13 20:53:07 Success.
2023-12-13 20:53:07 Latest version is 1.4.16
2023-12-13 20:53:07 App is up to date.
2023-12-13 21:46:08 Loading main app package /usr/lib/obsidian/obsidian.asar
2023-12-13 21:46:08 Checking for update using Github
2023-12-13 21:53:07 Checking for update using Github
2023-12-13 21:53:07 Success.
2023-12-13 21:53:07 Latest version is 1.4.16
2023-12-13 21:53:07 App is up to date.
2023-12-13 22:53:07 Checking for update using Github
2023-12-13 22:53:07 Success.
2023-12-13 22:53:07 Latest version is 1.4.16
2023-12-13 22:53:07 App is up to date.
2023-12-13 23:17:38 Loading main app package /usr/lib/obsidian/obsidian.asar
2023-12-13 23:17:39 Checking for update using Github
2023-12-13 23:17:44 Success.
2023-12-13 23:17:44 Latest version is 1.4.16
2023-12-13 23:17:44 App is up to date.
